('06/23/2022 18:16:13', 'INFO', 'ACTION  PAR root')
('06/23/2022 18:16:13', 'INFO', 'ACTION  PAR root')
('06/23/2022 18:16:13', 'INFO', 'ACTION  PAR root')
('06/23/2022 18:16:13', 'INFO', 'ACTION  PAR root')
('06/23/2022 18:16:13', 'INFO', 'ACTION  PAR root')
('06/23/2022 18:16:13', 'INFO', 'ACTION  PAR root')
('06/25/2022 11:04:23', 'INFO', 'Serveur start')
('06/25/2022 11:04:42', 'INFO', 'START threadsClients for 127.0.0.1 : 62838')
('06/25/2022 11:04:46', 'INFO', 'CONNECTION APPROUVE FOR root')
('06/25/2022 11:04:57', 'INFO', 'ACTION LISTE_ALL_USER PAR root')
('06/25/2022 11:09:37', 'INFO', 'Serveur start')
('06/25/2022 11:09:40', 'INFO', 'START threadsClients for 127.0.0.1 : 62915')
('06/25/2022 11:09:44', 'INFO', 'CONNECTION APPROUVE FOR root')
('06/25/2022 11:09:48', 'INFO', 'ACTION LISTE_ALL_USER PAR root')
('06/25/2022 11:09:52', 'INFO', 'ACTION LISTE_ALL_USER PAR root')
('06/25/2022 11:10:02', 'INFO', 'ACTION FTP_CLIENT PAR root')
('06/25/2022 11:14:17', 'INFO', 'ACTION CLOSE_CLIENT PAR root')
('06/25/2022 11:14:17', 'INFO', 'STOP CLIENT')
('06/25/2022 11:14:18', 'INFO', 'START threadsClients for 127.0.0.1 : 62992')
('06/25/2022 11:14:21', 'INFO', 'CONNECTION APPROUVE FOR root')
('06/25/2022 11:14:23', 'INFO', 'ACTION FTP_CLIENT PAR root')
('06/25/2022 11:16:02', 'INFO', 'ACTION CLOSE_CLIENT PAR root')
('06/25/2022 11:16:02', 'INFO', 'STOP CLIENT')
('06/25/2022 11:19:00', 'INFO', 'START threadsClients for 127.0.0.1 : 51336')
('06/25/2022 11:19:02', 'INFO', 'CONNECTION APPROUVE FOR root')
('06/25/2022 11:19:04', 'INFO', 'ACTION  PAR root')
('06/25/2022 11:19:29', 'INFO', 'START threadsClients for 127.0.0.1 : 51342')
('06/25/2022 11:19:31', 'INFO', 'CONNECTION APPROUVE FOR root')
('06/25/2022 11:20:47', 'INFO', 'ACTION CLOSE_CLIENT PAR root')
('06/25/2022 11:20:47', 'INFO', 'STOP CLIENT')
('06/25/2022 11:20:48', 'INFO', 'START threadsClients for 127.0.0.1 : 51352')
('06/25/2022 11:20:50', 'INFO', 'CONNECTION APPROUVE FOR root')
('06/25/2022 11:20:53', 'INFO', 'ACTION  PAR root')
('06/25/2022 11:21:05', 'INFO', 'START threadsClients for 127.0.0.1 : 51358')
('06/25/2022 11:21:09', 'INFO', 'CONNECTION APPROUVE FOR root')
('06/25/2022 11:22:14', 'INFO', 'ACTION CLOSE_CLIENT PAR root')
('06/25/2022 11:22:14', 'INFO', 'STOP CLIENT')
('06/25/2022 11:22:16', 'INFO', 'START threadsClients for 127.0.0.1 : 51375')
('06/25/2022 11:22:18', 'INFO', 'CONNECTION APPROUVE FOR root')
('06/25/2022 11:29:27', 'INFO', 'ACTION CLOSE_CLIENT PAR root')
('06/25/2022 11:29:27', 'INFO', 'STOP CLIENT')
('06/25/2022 11:29:29', 'INFO', 'START threadsClients for 127.0.0.1 : 51468')
('06/25/2022 11:29:31', 'INFO', 'CONNECTION APPROUVE FOR root')
('06/25/2022 11:29:33', 'INFO', 'ACTION  PAR root')
('06/25/2022 11:54:59', 'INFO', 'START threadsClients for 127.0.0.1 : 51704')
('06/25/2022 11:55:53', 'INFO', 'Serveur start')
('06/25/2022 11:55:56', 'INFO', 'START threadsClients for 127.0.0.1 : 51707')
('06/25/2022 11:56:00', 'INFO', 'CONNECTION APPROUVE FOR root')
('06/25/2022 11:56:03', 'INFO', 'ACTION BACKUP PAR root')
('06/25/2022 11:57:29', 'INFO', 'ACTION CLOSE_CLIENT PAR root')
('06/25/2022 11:57:29', 'INFO', 'STOP CLIENT')
('06/25/2022 11:57:30', 'INFO', 'START threadsClients for 127.0.0.1 : 51711')
('06/25/2022 11:57:32', 'INFO', 'CONNECTION APPROUVE FOR root')
('06/25/2022 11:57:36', 'INFO', 'ACTION BACKUP PAR root')
('06/25/2022 11:57:40', 'INFO', 'ACTION  PAR root')
('06/25/2022 11:58:12', 'INFO', 'START threadsClients for 127.0.0.1 : 51720')
('06/25/2022 11:58:15', 'INFO', 'CONNECTION APPROUVE FOR root')
('06/25/2022 11:58:22', 'INFO', 'ACTION BACKUP PAR root')
('06/25/2022 12:01:06', 'INFO', 'ACTION CLOSE_CLIENT PAR root')
('06/25/2022 12:01:06', 'INFO', 'STOP CLIENT')
('06/25/2022 12:01:16', 'INFO', 'START threadsClients for 127.0.0.1 : 51761')
('06/25/2022 12:01:19', 'INFO', 'CONNECTION APPROUVE FOR root')
('06/25/2022 12:01:23', 'INFO', 'ACTION BACKUP PAR root')
('06/25/2022 12:01:29', 'INFO', 'ACTION  PAR root')
('06/25/2022 12:04:03', 'INFO', 'START threadsClients for 127.0.0.1 : 51783')
('06/25/2022 12:04:05', 'INFO', 'CONNECTION APPROUVE FOR root')
('06/25/2022 12:04:08', 'INFO', 'ACTION BACKUP PAR root')
('06/25/2022 12:07:33', 'INFO', 'ACTION CLOSE_CLIENT PAR root')
('06/25/2022 12:07:33', 'INFO', 'STOP CLIENT')
('06/25/2022 12:07:42', 'INFO', 'START threadsClients for 127.0.0.1 : 51820')
('06/25/2022 12:07:45', 'INFO', 'CONNECTION APPROUVE FOR root')
('06/25/2022 12:07:48', 'INFO', 'ACTION BACKUP PAR root')
('06/25/2022 12:08:49', 'INFO', 'ACTION CLOSE_CLIENT PAR root')
('06/25/2022 12:08:49', 'INFO', 'STOP CLIENT')
('06/25/2022 12:08:51', 'INFO', 'START threadsClients for 127.0.0.1 : 51835')
('06/25/2022 12:08:53', 'INFO', 'CONNECTION APPROUVE FOR root')
('06/25/2022 12:08:57', 'INFO', 'ACTION BACKUP PAR root')
('06/25/2022 12:09:01', 'INFO', 'ACTION  PAR root')
('06/25/2022 12:09:42', 'INFO', 'START threadsClients for 127.0.0.1 : 51845')
('06/25/2022 12:09:44', 'INFO', 'CONNECTION APPROUVE FOR root')
('06/25/2022 12:09:47', 'INFO', 'ACTION BACKUP PAR root')
('06/25/2022 12:09:56', 'INFO', 'ACTION  PAR root')
('06/25/2022 12:10:05', 'INFO', 'START threadsClients for 127.0.0.1 : 51851')
('06/25/2022 12:16:59', 'INFO', 'Serveur start')
('06/25/2022 12:17:03', 'INFO', 'START threadsClients for 127.0.0.1 : 51917')
('06/25/2022 12:18:29', 'INFO', 'Serveur start')
('06/25/2022 12:18:34', 'INFO', 'START threadsClients for 127.0.0.1 : 51924')
('06/25/2022 12:18:36', 'WARNING', 'CONNECTION REFUSE FOR root')
('06/25/2022 12:18:36', 'INFO', 'START threadsClients for 127.0.0.1 : 51925')
('06/25/2022 12:18:36', 'ERROR', 'impossible de resevoir le message')
('06/27/2022 09:39:12', 'INFO', 'Serveur start')
('06/27/2022 09:39:15', 'INFO', 'START threadsClients for 127.0.0.1 : 50933')
('06/27/2022 09:39:18', 'INFO', 'CONNECTION APPROUVE FOR root')
('06/27/2022 09:42:43', 'INFO', 'Serveur start')
('06/27/2022 09:42:46', 'INFO', 'START threadsClients for 127.0.0.1 : 50953')
('06/27/2022 09:42:50', 'INFO', 'CONNECTION APPROUVE FOR root')
('06/27/2022 09:52:47', 'INFO', 'Serveur start')
('06/27/2022 09:52:49', 'INFO', 'START threadsClients for 127.0.0.1 : 50979')
('06/27/2022 09:52:52', 'INFO', 'CONNECTION APPROUVE FOR root')
('06/27/2022 10:00:47', 'INFO', 'START threadsClients for 127.0.0.1 : 51055')
('06/27/2022 10:00:49', 'INFO', 'CONNECTION APPROUVE FOR root')
('06/27/2022 10:01:03', 'INFO', 'START threadsClients for 127.0.0.1 : 51057')
('06/27/2022 10:01:07', 'INFO', 'CONNECTION APPROUVE FOR root')
('06/27/2022 10:08:35', 'ERROR', 'Impossible de démmaré le serveur')
('06/27/2022 10:08:39', 'ERROR', 'Impossible de démmaré le serveur')
('06/27/2022 10:08:40', 'ERROR', 'Impossible de démmaré le serveur')
('06/27/2022 10:08:50', 'ERROR', 'Impossible de démmaré le serveur')
('06/27/2022 10:09:57', 'INFO', 'Serveur start')
('06/27/2022 10:10:06', 'INFO', 'START threadsClients for 127.0.0.1 : 51085')
('06/27/2022 10:10:09', 'INFO', 'CONNECTION APPROUVE FOR root')
('06/27/2022 15:06:05', 'INFO', 'Serveur start')
('06/27/2022 15:06:08', 'INFO', 'START threadsClients for 127.0.0.1 : 51642')
('06/27/2022 15:06:11', 'INFO', 'CONNECTION APPROUVE FOR root')
('06/27/2022 15:06:19', 'INFO', 'ACTION FTP_CLIENT PAR root')
('06/27/2022 15:06:26', 'INFO', 'ACTION  PAR root')
('06/27/2022 15:08:50', 'INFO', 'START threadsClients for 127.0.0.1 : 51652')
('06/27/2022 15:08:53', 'INFO', 'CONNECTION APPROUVE FOR root')
('06/27/2022 15:09:01', 'INFO', 'ACTION  PAR root')
('06/27/2022 15:09:02', 'INFO', 'START threadsClients for 127.0.0.1 : 51654')
('06/27/2022 15:09:05', 'INFO', 'CONNECTION APPROUVE FOR root')
('06/27/2022 15:09:08', 'INFO', 'ACTION FTP_CLIENT PAR root')
('06/27/2022 15:09:27', 'INFO', 'ACTION  PAR root')
('06/27/2022 15:09:53', 'INFO', 'START threadsClients for 127.0.0.1 : 51658')
('06/27/2022 15:09:56', 'INFO', 'CONNECTION APPROUVE FOR root')
('06/27/2022 15:09:58', 'INFO', 'ACTION FTP_CLIENT PAR root')
('06/27/2022 19:24:18', 'INFO', 'ACTION CLOSE_CLIENT PAR root')
('06/27/2022 19:24:18', 'INFO', 'STOP CLIENT')
('06/27/2022 19:38:58', 'ERROR', 'Impossible de démmaré le serveur')
('06/27/2022 19:39:02', 'ERROR', 'Impossible de démmaré le serveur')
('06/27/2022 19:39:03', 'ERROR', 'Impossible de démmaré le serveur')
('06/27/2022 19:39:15', 'ERROR', 'Impossible de démmaré le serveur')
('06/27/2022 19:39:25', 'ERROR', 'Impossible de démmaré le serveur')
('06/27/2022 19:39:27', 'ERROR', 'Impossible de démmaré le serveur')
('06/27/2022 19:39:37', 'INFO', 'Serveur start')
('06/27/2022 19:39:40', 'INFO', 'START threadsClients for 127.0.0.1 : 51923')
('06/27/2022 19:39:42', 'INFO', 'CONNECTION APPROUVE FOR root')
('06/27/2022 19:40:06', 'INFO', 'ACTION  PAR root')
('06/27/2022 19:40:07', 'INFO', 'START threadsClients for 127.0.0.1 : 51924')
('06/27/2022 19:40:10', 'INFO', 'CONNECTION APPROUVE FOR root')
('06/27/2022 19:40:34', 'INFO', 'ACTION TOOLS PAR root')
('06/27/2022 19:42:22', 'INFO', 'START threadsClients for 127.0.0.1 : 51937')
('06/27/2022 19:42:25', 'INFO', 'CONNECTION APPROUVE FOR root')
('06/27/2022 19:43:25', 'ERROR', 'Impossible de démmaré le serveur')
('06/27/2022 19:43:28', 'ERROR', 'Impossible de démmaré le serveur')
('06/27/2022 19:43:57', 'ERROR', 'Impossible de démmaré le serveur')
('06/27/2022 19:44:01', 'ERROR', 'Impossible de démmaré le serveur')
('06/27/2022 19:44:15', 'INFO', 'Serveur start')
('06/27/2022 19:44:21', 'INFO', 'START threadsClients for 127.0.0.1 : 51946')
('06/27/2022 19:44:24', 'INFO', 'CONNECTION APPROUVE FOR root')
('06/27/2022 19:44:49', 'INFO', 'ACTION TOOLS PAR root')
('06/27/2022 19:50:54', 'ERROR', 'Impossible de démmaré le serveur')
('06/27/2022 19:51:07', 'ERROR', 'Impossible de démmaré le serveur')
('06/27/2022 19:51:13', 'ERROR', 'Impossible de démmaré le serveur')
('06/27/2022 19:51:31', 'INFO', 'Serveur start')
('06/27/2022 19:51:36', 'INFO', 'START threadsClients for 127.0.0.1 : 52440')
('06/27/2022 19:51:39', 'INFO', 'CONNECTION APPROUVE FOR root')
('06/27/2022 19:52:09', 'INFO', 'ACTION TOOLS PAR root')
('06/27/2022 19:53:07', 'ERROR', 'Impossible de démmaré le serveur')
('06/27/2022 19:53:09', 'ERROR', 'Impossible de démmaré le serveur')
('06/28/2022 08:45:48', 'INFO', 'Serveur start')
('06/28/2022 08:45:56', 'INFO', 'START threadsClients for 127.0.0.1 : 57942')
('06/28/2022 08:45:59', 'INFO', 'CONNECTION APPROUVE FOR root')
('06/28/2022 08:46:19', 'INFO', 'START threadsClients for 127.0.0.1 : 57945')
('06/28/2022 08:46:22', 'INFO', 'CONNECTION APPROUVE FOR root')
('06/28/2022 08:46:39', 'INFO', 'ACTION TOOLS PAR root')
('06/28/2022 11:35:09', 'INFO', 'ACTION TOOLS PAR root')
('06/28/2022 13:14:59', 'ERROR', 'Impossible de démmaré le serveur')
('06/28/2022 13:15:07', 'ERROR', 'Impossible de démmaré le serveur')
('06/28/2022 16:08:08', 'INFO', 'Serveur start')
('06/28/2022 16:08:12', 'INFO', 'START threadsClients for 127.0.0.1 : 59790')
('06/28/2022 16:08:14', 'INFO', 'CONNECTION APPROUVE FOR root')
('06/28/2022 16:08:48', 'INFO', 'ACTION TOOLS PAR root')
('06/28/2022 16:42:32', 'ERROR', 'Impossible de démmaré le serveur')
('06/28/2022 16:42:44', 'ERROR', 'Impossible de démmaré le serveur')
('06/28/2022 16:43:26', 'INFO', 'Serveur start')
('06/28/2022 16:43:31', 'INFO', 'START threadsClients for 127.0.0.1 : 60897')
('06/28/2022 16:43:34', 'INFO', 'CONNECTION APPROUVE FOR root')
('06/28/2022 16:44:06', 'INFO', 'ACTION TOOLS PAR root')
('06/29/2022 00:22:16', 'INFO', 'Serveur start')
('06/29/2022 00:22:28', 'INFO', 'START threadsClients for 127.0.0.1 : 54628')
('06/29/2022 00:22:32', 'INFO', 'CONNECTION APPROUVE FOR root')
('06/29/2022 00:22:54', 'INFO', 'START threadsClients for 127.0.0.1 : 54629')
('06/29/2022 00:22:58', 'INFO', 'CONNECTION APPROUVE FOR root')
('06/29/2022 00:23:18', 'INFO', 'ACTION TOOLS PAR root')
('06/29/2022 00:24:33', 'INFO', 'ACTION TOOLS PAR root')
('06/29/2022 00:32:23', 'ERROR', 'Impossible de démmaré le serveur')
('06/29/2022 00:32:33', 'ERROR', 'Impossible de démmaré le serveur')
('06/29/2022 00:32:39', 'ERROR', 'Impossible de démmaré le serveur')
('06/29/2022 00:32:41', 'ERROR', 'Impossible de démmaré le serveur')
('06/29/2022 00:32:46', 'ERROR', 'Impossible de démmaré le serveur')
('06/29/2022 00:32:54', 'ERROR', 'Impossible de démmaré le serveur')
('06/29/2022 00:33:07', 'ERROR', 'Impossible de démmaré le serveur')
('06/29/2022 00:33:20', 'INFO', 'Serveur start')
('06/29/2022 00:33:23', 'INFO', 'START threadsClients for 127.0.0.1 : 54783')
('06/29/2022 00:33:25', 'INFO', 'CONNECTION APPROUVE FOR root')
('06/29/2022 00:33:51', 'INFO', 'ACTION TOOLS PAR root')
('06/29/2022 00:34:04', 'INFO', 'ACTION TOOLS PAR root')
('06/29/2022 00:36:08', 'ERROR', 'Impossible de démmaré le serveur')
('06/29/2022 00:36:25', 'ERROR', 'Impossible de démmaré le serveur')
('06/29/2022 00:36:28', 'ERROR', 'Impossible de démmaré le serveur')
('06/29/2022 00:36:30', 'ERROR', 'Impossible de démmaré le serveur')
('06/29/2022 08:39:22', 'INFO', 'Serveur start')
('06/29/2022 08:41:04', 'INFO', 'START threadsClients for 127.0.0.1 : 55232')
('06/29/2022 08:41:07', 'INFO', 'CONNECTION APPROUVE FOR root')
('06/29/2022 08:41:32', 'INFO', 'ACTION TOOLS PAR root')
('06/29/2022 08:42:23', 'INFO', 'START threadsClients for 127.0.0.1 : 55239')
('06/29/2022 08:42:25', 'INFO', 'CONNECTION APPROUVE FOR root')
('06/29/2022 08:42:49', 'INFO', 'ACTION TOOLS PAR root')
('06/29/2022 08:43:02', 'INFO', 'ACTION TOOLS PAR root')
('06/29/2022 08:47:10', 'INFO', 'Serveur start')
('06/29/2022 08:47:13', 'INFO', 'START threadsClients for 127.0.0.1 : 55357')
('06/29/2022 08:47:15', 'INFO', 'CONNECTION APPROUVE FOR root')
('06/29/2022 08:47:23', 'INFO', 'ACTION FTP_CLIENT PAR root')
('06/29/2022 08:48:41', 'INFO', 'ACTION  PAR root')
('06/29/2022 08:52:35', 'INFO', 'START threadsClients for 127.0.0.1 : 55396')
('06/29/2022 08:52:37', 'INFO', 'CONNECTION APPROUVE FOR root')
('06/29/2022 08:52:40', 'INFO', 'ACTION FTP_CLIENT PAR root')
('06/29/2022 08:52:46', 'INFO', 'ACTION  PAR root')
('06/29/2022 08:53:33', 'INFO', 'START threadsClients for 127.0.0.1 : 55403')
('06/29/2022 08:53:35', 'INFO', 'CONNECTION APPROUVE FOR root')
('06/29/2022 08:53:40', 'INFO', 'ACTION FTP_CLIENT PAR root')
('06/29/2022 08:53:48', 'INFO', 'ACTION  PAR root')
('06/29/2022 08:55:14', 'INFO', 'START threadsClients for 127.0.0.1 : 55413')
('06/29/2022 08:55:16', 'INFO', 'CONNECTION APPROUVE FOR root')
('06/29/2022 08:55:20', 'INFO', 'ACTION FTP_CLIENT PAR root')
('06/29/2022 08:55:25', 'INFO', 'ACTION  PAR root')
('06/29/2022 09:40:40', 'INFO', 'START threadsClients for 127.0.0.1 : 55473')
('06/29/2022 09:40:45', 'INFO', 'CONNECTION APPROUVE FOR root')
('06/29/2022 09:40:50', 'INFO', 'ACTION FTP_CLIENT PAR root')
('06/29/2022 22:36:56', 'INFO', 'ACTION  PAR root')
('06/30/2022 09:18:40', 'INFO', 'Serveur start')
('06/30/2022 09:18:45', 'INFO', 'START threadsClients for 127.0.0.1 : 59380')
('06/30/2022 09:18:48', 'INFO', 'CONNECTION APPROUVE FOR root')
('06/30/2022 09:18:54', 'INFO', 'ACTION BACKUP PAR root')
('06/30/2022 09:19:42', 'INFO', 'START threadsClients for 127.0.0.1 : 59385')
('06/30/2022 09:19:44', 'INFO', 'CONNECTION APPROUVE FOR root')
('06/30/2022 09:19:47', 'INFO', 'ACTION BACKUP PAR root')
('06/30/2022 09:20:22', 'INFO', 'START threadsClients for 127.0.0.1 : 59390')
('06/30/2022 09:20:25', 'INFO', 'CONNECTION APPROUVE FOR root')
('06/30/2022 09:20:27', 'INFO', 'ACTION BACKUP PAR root')
('06/30/2022 10:14:41', 'INFO', 'ACTION  PAR root')
('06/30/2022 10:14:41', 'INFO', 'ACTION  PAR root')
('06/30/2022 10:14:41', 'INFO', 'ACTION  PAR root')
('07/10/2022 16:01:37', 'INFO', 'Serveur start')
('07/10/2022 16:01:50', 'INFO', 'START threadsClients for 127.0.0.1 : 49712')
('07/10/2022 16:01:52', 'INFO', 'CONNECTION APPROUVE FOR root')
('07/10/2022 16:01:59', 'INFO', 'ACTION BACKUP PAR root')
('07/10/2022 16:04:53', 'ERROR', 'Impossible de démmaré le serveur')
('07/10/2022 16:05:04', 'ERROR', 'Impossible de démmaré le serveur')
('07/10/2022 16:05:52', 'ERROR', 'Impossible de démmaré le serveur')
('07/10/2022 16:06:17', 'INFO', 'Serveur start')
('07/10/2022 16:06:19', 'INFO', 'START threadsClients for 127.0.0.1 : 49739')
('07/10/2022 16:06:22', 'INFO', 'CONNECTION APPROUVE FOR root')
('07/10/2022 16:06:25', 'INFO', 'ACTION BACKUP PAR root')
('07/10/2022 16:09:49', 'ERROR', 'Impossible de démmaré le serveur')
('07/10/2022 16:10:43', 'ERROR', 'Impossible de démmaré le serveur')
('07/10/2022 16:11:02', 'ERROR', 'Impossible de démmaré le serveur')
('07/10/2022 16:13:48', 'ERROR', 'Impossible de démmaré le serveur')
('07/10/2022 16:14:10', 'ERROR', 'Impossible de démmaré le serveur')
('07/10/2022 16:16:05', 'INFO', 'Serveur start')
('07/10/2022 16:16:08', 'INFO', 'START threadsClients for 127.0.0.1 : 49756')
('07/10/2022 16:16:13', 'INFO', 'CONNECTION APPROUVE FOR root')
('07/10/2022 16:16:17', 'INFO', 'ACTION BACKUP PAR root')
('07/10/2022 16:17:51', 'INFO', 'START threadsClients for 127.0.0.1 : 49767')
('07/10/2022 16:17:53', 'INFO', 'CONNECTION APPROUVE FOR root')
('07/10/2022 16:17:56', 'INFO', 'ACTION BACKUP PAR root')
('07/10/2022 16:18:05', 'INFO', 'ACTION BACKUP_FILE PAR root')
('07/10/2022 16:37:34', 'ERROR', 'Impossible de démmaré le serveur')
('07/10/2022 16:41:09', 'INFO', 'Serveur start')
('07/10/2022 16:41:18', 'INFO', 'START threadsClients for 127.0.0.1 : 49818')
('07/10/2022 16:41:21', 'INFO', 'CONNECTION APPROUVE FOR root')
('07/10/2022 16:41:24', 'INFO', 'ACTION BACKUP PAR root')
('07/10/2022 16:42:46', 'INFO', 'Serveur start')
('07/10/2022 16:42:49', 'INFO', 'START threadsClients for 127.0.0.1 : 49828')
('07/10/2022 16:42:52', 'INFO', 'CONNECTION APPROUVE FOR root')
('07/10/2022 16:42:55', 'INFO', 'ACTION BACKUP PAR root')
('07/10/2022 16:43:58', 'ERROR', 'Impossible de démmaré le serveur')
('07/10/2022 16:46:32', 'INFO', 'Serveur start')
('07/10/2022 16:46:38', 'INFO', 'START threadsClients for 127.0.0.1 : 49841')
('07/10/2022 16:46:42', 'INFO', 'CONNECTION APPROUVE FOR root')
('07/10/2022 16:46:47', 'INFO', 'ACTION BACKUP PAR root')
('07/10/2022 16:48:08', 'INFO', 'START threadsClients for 127.0.0.1 : 49853')
('07/10/2022 16:48:10', 'INFO', 'CONNECTION APPROUVE FOR root')
('07/10/2022 16:48:14', 'INFO', 'ACTION BACKUP PAR root')
('07/10/2022 16:53:08', 'ERROR', 'Impossible de démmaré le serveur')
('07/10/2022 16:56:12', 'ERROR', 'Impossible de démmaré le serveur')
('07/10/2022 16:56:24', 'INFO', 'Serveur start')
('07/10/2022 16:56:26', 'INFO', 'START threadsClients for 127.0.0.1 : 49872')
('07/10/2022 16:56:28', 'INFO', 'CONNECTION APPROUVE FOR root')
('07/10/2022 16:56:32', 'INFO', 'ACTION BACKUP PAR root')
('07/10/2022 16:56:45', 'INFO', 'ACTION BACKUP PAR root')
('07/10/2022 16:58:28', 'ERROR', 'Impossible de démmaré le serveur')
('07/10/2022 16:59:03', 'ERROR', 'Impossible de démmaré le serveur')
('07/10/2022 17:02:56', 'INFO', 'Serveur start')
('07/10/2022 17:03:00', 'INFO', 'START threadsClients for 127.0.0.1 : 49891')
('07/10/2022 17:03:03', 'INFO', 'CONNECTION APPROUVE FOR root')
('07/10/2022 17:03:06', 'INFO', 'ACTION BACKUP PAR root')
('07/10/2022 17:05:01', 'INFO', 'Serveur start')
('07/10/2022 17:05:05', 'INFO', 'START threadsClients for 127.0.0.1 : 49903')
('07/10/2022 17:05:07', 'INFO', 'CONNECTION APPROUVE FOR root')
('07/10/2022 17:05:11', 'INFO', 'ACTION FTP_CLIENT PAR root')
('07/10/2022 17:05:22', 'INFO', 'ACTION BACKUP PAR root')
('07/10/2022 19:46:18', 'ERROR', 'Impossible de démarrer le serveur')
('07/10/2022 19:46:22', 'ERROR', 'Impossible de démarrer le serveur')
('07/10/2022 19:47:11', 'ERROR', 'Impossible de démarrer le serveur')
('07/10/2022 19:47:22', 'INFO', 'Serveur démarré')
('07/10/2022 19:47:27', 'INFO', 'Démarrage des threads pour le client127.0.0.1 : 51259')
('07/10/2022 19:47:29', 'INFO', 'Connexion approuvée pour root')
('07/10/2022 19:47:29', 'INFO', 'ACTION  PAR root')
('07/10/2022 19:47:29', 'WARNING', "ERROR l'action existe pas")
('07/10/2022 19:51:16', 'ERROR', "Impossible d'établir la connexion avec le client")
('07/10/2022 19:54:18', 'INFO', 'Serveur démarré')
('07/10/2022 19:54:22', 'INFO', 'Démarrage des threads pour le client127.0.0.1 : 51280')
('07/10/2022 19:54:25', 'INFO', 'Connexion approuvée pour root')
('07/10/2022 19:54:51', 'INFO', 'ACTION CHANGE_PASSWORD PAR root')
('07/10/2022 19:55:13', 'INFO', 'ACTION FTP_CLIENT PAR root')
('07/10/2022 19:56:58', 'INFO', 'ACTION  PAR root')
('07/10/2022 19:56:58', 'WARNING', "ERROR l'action existe pas")
('07/10/2022 19:57:26', 'INFO', 'Démarrage des threads pour le client127.0.0.1 : 51303')
('07/10/2022 19:57:28', 'WARNING', 'Connexion refusée pour root')
('07/10/2022 19:57:28', 'ERROR', 'Impossible de recevoir le message')
('07/10/2022 19:57:28', 'INFO', 'Démarrage des threads pour le client127.0.0.1 : 51304')
('07/10/2022 19:57:31', 'INFO', 'Connexion approuvée pour root')
('07/10/2022 19:57:36', 'INFO', 'ACTION FTP_CLIENT PAR root')
('07/10/2022 19:58:35', 'INFO', 'ACTION FTP_CLIENT PAR root')
('07/10/2022 19:58:58', 'INFO', 'ACTION LISTE_ALL_USER PAR root')
('07/10/2022 19:59:27', 'INFO', 'ACTION ADD_NEW_USER PAR root')
('07/10/2022 19:59:29', 'INFO', 'ACTION LISTE_ALL_USER PAR root')
('07/10/2022 20:00:13', 'INFO', 'ACTION DELET_USER PAR root')
('07/10/2022 20:00:14', 'INFO', 'ACTION LISTE_ALL_USER PAR root')
('07/10/2022 20:00:54', 'INFO', 'ACTION ADD_NEW_USER PAR root')
('07/10/2022 20:00:56', 'INFO', 'ACTION LISTE_ALL_USER PAR root')
('07/10/2022 20:01:28', 'INFO', 'ACTION TOOLS PAR root')
('07/10/2022 20:02:47', 'INFO', 'Démarrage des threads pour le client127.0.0.1 : 51331')
('07/10/2022 20:02:50', 'INFO', 'Connexion approuvée pour root')
('07/10/2022 20:02:55', 'INFO', 'ACTION LISTE_ALL_USER PAR root')
('07/10/2022 20:03:14', 'INFO', 'ACTION TOOLS PAR root')
('07/10/2022 20:04:47', 'INFO', 'ACTION TOOLS PAR root')
('07/10/2022 20:04:47', 'WARNING', 'ERROR SCAN:')
('07/10/2022 20:04:47', 'WARNING', "TOOLSERROR l'action existe pas")
('07/10/2022 20:05:19', 'ERROR', 'Impossible de démarrer le serveur')
('07/10/2022 20:05:22', 'ERROR', 'Impossible de démarrer le serveur')
('07/10/2022 20:05:33', 'ERROR', 'Impossible de démarrer le serveur')
('07/10/2022 20:07:53', 'INFO', 'Serveur démarré')
('07/10/2022 20:07:56', 'INFO', 'Démarrage des threads pour le client127.0.0.1 : 51346')
('07/10/2022 20:07:59', 'WARNING', 'Connexion refusée pour root')
('07/10/2022 20:07:59', 'ERROR', 'Impossible de recevoir le message')
('07/10/2022 20:07:59', 'INFO', 'Démarrage des threads pour le client127.0.0.1 : 51347')
('07/10/2022 20:07:59', 'ERROR', 'Impossible de recevoir le message')
('07/10/2022 20:08:17', 'INFO', 'Démarrage des threads pour le client127.0.0.1 : 51349')
('07/10/2022 20:08:20', 'INFO', 'Connexion approuvée pour root')
('07/10/2022 20:09:38', 'INFO', 'ACTION FTP_CLIENT PAR root')
('07/10/2022 20:10:08', 'INFO', 'ACTION TOOLS PAR root')
('07/10/2022 20:10:17', 'INFO', 'ACTION TOOLS PAR root')
('07/10/2022 20:10:17', 'WARNING', 'ERROR SCAN:')
('07/10/2022 20:10:17', 'WARNING', "TOOLSERROR l'action existe pas")
('07/10/2022 20:17:03', 'INFO', 'Serveur démarré')
('07/10/2022 20:17:07', 'INFO', 'Démarrage des threads pour le client127.0.0.1 : 51399')
('07/10/2022 20:17:09', 'INFO', 'Connexion approuvée pour root')
('07/10/2022 20:17:36', 'INFO', 'ACTION TOOLS PAR root')
('07/10/2022 20:17:55', 'INFO', 'ACTION TOOLS PAR root')
('07/10/2022 20:17:55', 'WARNING', 'ERROR SCAN:')
('07/10/2022 20:17:55', 'WARNING', "TOOLSERROR l'action existe pas")
('07/10/2022 20:26:31', 'INFO', 'Démarrage des threads pour le client127.0.0.1 : 51441')
('07/10/2022 20:26:33', 'INFO', 'Connexion approuvée pour root')
('07/10/2022 20:26:39', 'INFO', 'ACTION STOP_SERVER PAR root')
('07/10/2022 20:26:39', 'INFO', 'close serveur')
('07/10/2022 20:26:39', 'ERROR', "Impossible d'établir la connexion avec le client")
('07/10/2022 20:26:46', 'ERROR', 'Impossible de démarrer le serveur')
('07/10/2022 20:26:52', 'ERROR', 'Impossible de démarrer le serveur')
('07/10/2022 20:27:02', 'ERROR', 'Impossible de démarrer le serveur')
('07/10/2022 20:27:14', 'INFO', 'Serveur démarré')
('07/10/2022 20:27:18', 'INFO', 'Démarrage des threads pour le client127.0.0.1 : 51443')
('07/10/2022 20:27:22', 'INFO', 'Connexion approuvée pour root')
('07/10/2022 20:35:30', 'INFO', 'ACTION CLOSE_CLIENT PAR root')
('07/10/2022 20:35:30', 'INFO', 'STOP CLIENT')
('07/10/2022 20:35:32', 'INFO', 'Démarrage des threads pour le client127.0.0.1 : 51511')
('07/10/2022 20:35:38', 'INFO', 'Connexion approuvée pour toto')
('07/10/2022 20:35:58', 'INFO', 'ACTION FTP_CLIENT PAR toto')
('07/10/2022 22:20:35', 'INFO', 'ACTION  PAR toto')
('07/10/2022 22:20:35', 'WARNING', "ERROR l'action existe pas")
('07/10/2022 22:20:41', 'ERROR', "Impossible d'établir la connexion avec le client")
('07/10/2022 22:29:01', 'INFO', 'Serveur démarré')
('07/10/2022 22:29:06', 'INFO', 'Démarrage des threads pour le client127.0.0.1 : 51676')
('07/10/2022 22:52:07', 'INFO', 'Serveur démarré')
('07/10/2022 22:52:11', 'INFO', 'Démarrage des threads pour le client127.0.0.1 : 51739')
('07/10/2022 22:52:13', 'WARNING', 'Connexion refusée pour root')
('07/10/2022 22:52:13', 'ERROR', 'Impossible de recevoir le message')
('07/10/2022 22:52:13', 'INFO', 'Démarrage des threads pour le client127.0.0.1 : 51740')
('07/10/2022 22:52:13', 'ERROR', 'Impossible de recevoir le message')
('07/10/2022 22:52:45', 'ERROR', 'Impossible de démarrer le serveur')
('07/10/2022 22:54:28', 'INFO', 'Serveur démarré')
('07/10/2022 22:57:54', 'INFO', 'Démarrage des threads pour le client127.0.0.1 : 51762')
('07/10/2022 22:57:56', 'INFO', 'Connexion approuvée pour root')
('07/10/2022 22:58:28', 'INFO', 'ACTION LISTE_ALL_USER PAR root')
('07/10/2022 22:58:42', 'INFO', 'ACTION ADD_NEW_USER PAR root')
('07/10/2022 22:58:46', 'INFO', 'ACTION CLOSE_CLIENT PAR root')
('07/10/2022 22:58:46', 'INFO', 'STOP CLIENT')
('07/10/2022 22:58:47', 'INFO', 'Démarrage des threads pour le client127.0.0.1 : 51763')
('07/10/2022 22:58:50', 'INFO', 'Connexion approuvée pour toto')
('07/10/2022 23:02:04', 'INFO', 'ACTION CLOSE_CLIENT PAR toto')
('07/10/2022 23:02:04', 'INFO', 'STOP CLIENT')
('07/10/2022 23:03:09', 'INFO', 'Démarrage des threads pour le client127.0.0.1 : 51772')
('07/10/2022 23:03:14', 'INFO', 'Connexion approuvée pour root')
('07/10/2022 23:03:22', 'INFO', 'ACTION FTP_CLIENT PAR root')
('07/10/2022 23:04:10', 'INFO', 'ACTION CLOSE_CLIENT PAR root')
('07/10/2022 23:04:10', 'INFO', 'STOP CLIENT')
('07/10/2022 23:04:12', 'INFO', 'Démarrage des threads pour le client127.0.0.1 : 51776')
('07/10/2022 23:04:15', 'INFO', 'Connexion approuvée pour toto')
('07/10/2022 23:04:17', 'INFO', 'ACTION FTP_CLIENT PAR toto')
('07/10/2022 23:06:10', 'INFO', 'ACTION BACKUP PAR toto')
('07/10/2022 23:06:51', 'INFO', 'ACTION CLOSE_CLIENT PAR toto')
('07/10/2022 23:06:51', 'INFO', 'STOP CLIENT')
('07/10/2022 23:06:52', 'INFO', 'Démarrage des threads pour le client127.0.0.1 : 51786')
('07/10/2022 23:06:55', 'INFO', 'Connexion approuvée pour root')
('07/10/2022 23:07:04', 'INFO', 'ACTION BACKUP PAR root')
('07/10/2022 23:24:27', 'INFO', 'ACTION CLOSE_CLIENT PAR root')
('07/10/2022 23:24:27', 'INFO', 'STOP CLIENT')
('07/10/2022 23:31:45', 'INFO', 'Serveur démarré')
('07/10/2022 23:31:49', 'INFO', 'Démarrage des threads pour le client127.0.0.1 : 51882')
('07/10/2022 23:31:53', 'INFO', 'Connexion approuvée pour root')
('07/10/2022 23:32:04', 'INFO', 'ACTION LISTE_ALL_USER PAR root')
('07/10/2022 23:32:20', 'INFO', 'ACTION ADD_NEW_USER PAR root')
('07/10/2022 23:32:22', 'INFO', 'ACTION LISTE_ALL_USER PAR root')
('07/10/2022 23:32:35', 'INFO', 'ACTION FTP_CLIENT PAR root')
('07/10/2022 23:33:01', 'INFO', 'ACTION CLOSE_CLIENT PAR root')
('07/10/2022 23:33:01', 'INFO', 'STOP CLIENT')
('07/10/2022 23:33:03', 'INFO', 'Démarrage des threads pour le client127.0.0.1 : 51891')
('07/10/2022 23:33:07', 'INFO', 'Connexion approuvée pour toto')
('07/10/2022 23:33:10', 'INFO', 'ACTION FTP_CLIENT PAR toto')
('07/10/2022 23:34:24', 'INFO', 'ACTION  PAR toto')
('07/10/2022 23:34:24', 'WARNING', "ERROR l'action existe pas")
('07/10/2022 23:37:17', 'INFO', 'Serveur démarré')
('07/10/2022 23:37:23', 'INFO', 'Démarrage des threads pour le client127.0.0.1 : 51906')
('07/10/2022 23:37:26', 'INFO', 'Connexion approuvée pour root')
('07/10/2022 23:37:29', 'INFO', 'ACTION LISTE_ALL_USER PAR root')
('07/10/2022 23:37:46', 'INFO', 'ACTION ADD_NEW_USER PAR root')
('07/10/2022 23:37:48', 'INFO', 'ACTION LISTE_ALL_USER PAR root')
('07/10/2022 23:37:58', 'INFO', 'ACTION FTP_CLIENT PAR root')
('07/10/2022 23:38:28', 'INFO', 'ACTION CLOSE_CLIENT PAR root')
('07/10/2022 23:38:28', 'INFO', 'STOP CLIENT')
('07/10/2022 23:38:31', 'INFO', 'Démarrage des threads pour le client127.0.0.1 : 51910')
('07/10/2022 23:38:35', 'INFO', 'Connexion approuvée pour toto')
('07/10/2022 23:38:40', 'INFO', 'ACTION FTP_CLIENT PAR toto')
('07/10/2022 23:39:52', 'INFO', 'ACTION BACKUP PAR toto')
('07/10/2022 23:40:09', 'INFO', 'ACTION CLOSE_CLIENT PAR toto')
('07/10/2022 23:40:09', 'INFO', 'STOP CLIENT')
('07/10/2022 23:45:56', 'INFO', 'Démarrage des threads pour le client127.0.0.1 : 52008')
('07/10/2022 23:46:01', 'INFO', 'Connexion approuvée pour toto')
('07/10/2022 23:46:03', 'INFO', 'ACTION CLOSE_CLIENT PAR toto')
('07/10/2022 23:46:03', 'INFO', 'STOP CLIENT')
('07/10/2022 23:46:37', 'INFO', 'Démarrage des threads pour le client127.0.0.1 : 52010')
('07/10/2022 23:46:39', 'INFO', 'Connexion approuvée pour root')
('07/10/2022 23:47:06', 'INFO', 'ACTION TOOLS PAR root')
('07/10/2022 23:47:33', 'INFO', 'ACTION TOOLS PAR root')
('07/10/2022 23:47:58', 'INFO', 'ACTION TOOLS PAR root')
('07/10/2022 23:48:23', 'INFO', 'ACTION TOOLS PAR root')
('07/10/2022 23:50:46', 'INFO', 'Serveur démarré')
('07/10/2022 23:50:53', 'INFO', 'Démarrage des threads pour le client127.0.0.1 : 64987')
('07/10/2022 23:50:55', 'INFO', 'Connexion approuvée pour root')
('07/10/2022 23:51:36', 'INFO', 'Démarrage des threads pour le client127.0.0.1 : 64997')
('07/10/2022 23:51:38', 'INFO', 'Connexion approuvée pour root')
('07/10/2022 23:52:04', 'INFO', 'ACTION TOOLS PAR root')
('07/10/2022 23:54:49', 'ERROR', 'Impossible de démarrer le serveur')
('07/10/2022 23:55:12', 'ERROR', 'Impossible de démarrer le serveur')
('07/10/2022 23:55:27', 'ERROR', 'Impossible de démarrer le serveur')
('07/10/2022 23:55:43', 'INFO', 'Serveur démarré')
('07/10/2022 23:56:06', 'INFO', 'Démarrage des threads pour le client127.0.0.1 : 65014')
('07/10/2022 23:56:08', 'INFO', 'Connexion approuvée pour root')
('07/10/2022 23:56:30', 'INFO', 'ACTION TOOLS PAR root')
('07/10/2022 23:57:02', 'INFO', 'ACTION TOOLS PAR root')
('07/10/2022 23:57:24', 'INFO', 'ACTION TOOLS PAR root')
('07/10/2022 23:57:24', 'WARNING', 'ERROR SCAN:')
('07/10/2022 23:57:24', 'WARNING', "TOOLSERROR l'action existe pas")
('07/10/2022 23:58:25', 'INFO', 'Démarrage des threads pour le client127.0.0.1 : 49641')
('07/10/2022 23:58:27', 'INFO', 'Connexion approuvée pour root')
