('06/22/2022 09:10:43', 'INFO', 'UPDATE PASSWORD ID:1')
('06/22/2022 09:13:58', 'WARNING', 'génération de la base de donées')
('06/22/2022 09:13:58', 'WARNING', "création de l'utilisateur par default root avec comme mdp root ")
('06/22/2022 09:13:58', 'INFO', 'New User:root')
('06/22/2022 09:14:21', 'WARNING', 'génération de la base de donées')
('06/22/2022 09:14:21', 'WARNING', "création de l'utilisateur par default root avec comme mdp root ")
('06/22/2022 09:14:21', 'INFO', 'New User:root')
('06/22/2022 09:14:50', 'INFO', 'UPDATE PASSWORD ID:1')
('06/22/2022 09:17:14', 'WARNING', 'génération de la base de donées')
('06/22/2022 09:17:14', 'WARNING', "création de l'utilisateur par default root avec comme mdp root ")
('06/22/2022 09:17:14', 'INFO', 'New User:root')
('06/22/2022 09:17:36', 'WARNING', 'génération de la base de donées')
('06/22/2022 09:17:36', 'WARNING', "création de l'utilisateur par default root avec comme mdp root ")
('06/22/2022 09:17:36', 'INFO', 'New User:root')
('06/22/2022 09:17:55', 'INFO', 'UPDATE PASSWORD ID:1')
('06/22/2022 09:19:04', 'INFO', 'UPDATE PASSWORD ID:1')
('06/22/2022 09:45:13', 'INFO', 'UPDATE PASSWORD ID:1')
('06/22/2022 09:48:36', 'WARNING', 'génération de la base de donées')
('06/22/2022 09:48:36', 'WARNING', "création de l'utilisateur par default root avec comme mdp root ")
('06/22/2022 09:48:36', 'INFO', 'New User:root')
('06/22/2022 10:31:25', 'INFO', 'New User:test')
('06/22/2022 21:11:48', 'INFO', 'UPDATE ROLE ID:1')
('06/23/2022 08:56:19', 'WARNING', 'génération de la base de donées')
('06/23/2022 08:56:19', 'WARNING', "création de l'utilisateur par default root avec comme mdp root ")
('06/23/2022 08:56:19', 'INFO', 'New User:root')
('06/23/2022 09:13:38', 'WARNING', 'génération de la base de donées')
('06/23/2022 09:13:38', 'WARNING', "création de l'utilisateur par default root avec comme mdp root ")
('06/23/2022 09:13:38', 'INFO', 'New User:root')
('06/23/2022 09:18:48', 'INFO', 'UPDATE PRENOM ID:1')
('06/23/2022 09:53:03', 'INFO', 'New User:toto')
('06/23/2022 11:21:16', 'INFO', 'New User:toto')
('06/27/2022 10:08:35', 'WARNING', 'génération de la base de donées')
('06/27/2022 10:08:35', 'WARNING', "création de l'utilisateur par default root avec comme mdp root ")
('06/27/2022 10:08:35', 'INFO', 'New User:root')
('06/27/2022 10:08:50', 'WARNING', 'génération de la base de donées')
('06/27/2022 10:08:50', 'WARNING', "création de l'utilisateur par default root avec comme mdp root ")
('06/27/2022 10:08:50', 'INFO', 'New User:root')
('06/27/2022 10:09:57', 'WARNING', 'génération de la base de donées')
('06/27/2022 10:09:57', 'WARNING', "création de l'utilisateur par default root avec comme mdp root ")
('06/27/2022 10:09:57', 'INFO', 'New User:root')
('07/10/2022 19:54:51', 'INFO', 'UPDATE PASSWORD ID:1')
('07/10/2022 19:59:27', 'INFO', 'New User:toto')
('07/10/2022 20:00:54', 'INFO', 'New User:toto')
('07/10/2022 22:52:45', 'WARNING', 'génération de la base de donées')
('07/10/2022 22:52:45', 'WARNING', "création de l'utilisateur par default root avec comme mdp root ")
('07/10/2022 22:52:45', 'INFO', 'New User:root')
('07/10/2022 22:54:28', 'WARNING', 'génération de la base de donées')
('07/10/2022 22:54:28', 'WARNING', "création de l'utilisateur par default root avec comme mdp root ")
('07/10/2022 22:54:28', 'INFO', 'New User:root')
('07/10/2022 22:58:42', 'INFO', 'New User:toto')
('07/10/2022 23:31:45', 'WARNING', 'génération de la base de donées')
('07/10/2022 23:31:45', 'WARNING', "création de l'utilisateur par default root avec comme mdp root ")
('07/10/2022 23:31:45', 'INFO', 'New User:root')
('07/10/2022 23:32:20', 'INFO', 'New User:toto')
('07/10/2022 23:37:17', 'WARNING', 'génération de la base de donées')
('07/10/2022 23:37:17', 'WARNING', "création de l'utilisateur par default root avec comme mdp root ")
('07/10/2022 23:37:17', 'INFO', 'New User:root')
('07/10/2022 23:37:46', 'INFO', 'New User:toto')
